<?xml version="1.0" encoding="UTF-8"?>
<!-- Generated by org.testng.reporters.JUnitReportReporter -->
<testsuite hostname="HomeDesktop2022" failures="0" tests="4" name="com.testNGAnnotation.DataProviderTest" time="14.872" errors="0" timestamp="16 May 2023 04:00:20 GMT" skipped="0">
  <testcase classname="com.testNGAnnotation.DataProviderTest" name="getLogin" time="3.405"/>
  <testcase classname="com.testNGAnnotation.DataProviderTest" name="getLogin" time="3.676"/>
  <testcase classname="com.testNGAnnotation.DataProviderTest" name="getLogin" time="4.884"/>
  <testcase classname="com.testNGAnnotation.DataProviderTest" name="getLogin" time="2.907"/>
</testsuite> <!-- com.testNGAnnotation.DataProviderTest -->
