<?xml version="1.0" encoding="UTF-8"?>
<!-- Generated by org.testng.reporters.JUnitReportReporter -->
<testsuite hostname="HomeDesktop2022" failures="0" tests="1" name="com.JavaCodingPractices.FindOut2ndHighestNumberFromArray" time="0.012" errors="0" timestamp="09 May 2023 23:30:51 GMT" skipped="0">
  <testcase classname="com.JavaCodingPractices.FindOut2ndHighestNumberFromArray" name="FindOut2ndHighestNumber" time="0.012"/>
</testsuite> <!-- com.JavaCodingPractices.FindOut2ndHighestNumberFromArray -->
