<?xml version="1.0" encoding="UTF-8"?>
<!-- Generated by org.testng.reporters.JUnitReportReporter -->
<testsuite hostname="HomeDesktop2022" failures="0" tests="3" name="com.testNGAnnotation.CrossBrowserTesting" time="3.042" errors="0" timestamp="05 May 2023 22:36:38 GMT" skipped="0">
  <testcase classname="com.testNGAnnotation.CrossBrowserTesting" name="getTest" time="1.086"/>
  <testcase classname="com.testNGAnnotation.CrossBrowserTesting" name="getTest" time="1.071"/>
  <testcase classname="com.testNGAnnotation.CrossBrowserTesting" name="getTest" time="0.885"/>
</testsuite> <!-- com.testNGAnnotation.CrossBrowserTesting -->
