<?xml version="1.0" encoding="UTF-8"?>
<!-- Generated by org.testng.reporters.JUnitReportReporter -->
<testsuite hostname="HomeDesktop2022" failures="0" tests="1" name="com.JavaCodingPractices.HowToreverseString" time="0.018" errors="0" timestamp="09 May 2023 23:18:39 GMT" skipped="0">
  <testcase classname="com.JavaCodingPractices.HowToreverseString" name="reverseStringWithMethod" time="0.018"/>
</testsuite> <!-- com.JavaCodingPractices.HowToreverseString -->
