<?xml version="1.0" encoding="UTF-8"?>
<!-- Generated by org.testng.reporters.JUnitReportReporter -->
<testsuite hostname="HomeDesktop2022" failures="0" tests="4" name="com.testNGAnnotation.ParallalTesting" time="14.479" errors="0" timestamp="05 May 2023 22:36:52 GMT" skipped="0">
  <testcase classname="com.testNGAnnotation.ParallalTesting" name="getOpenBrowserNode4" time="3.626"/>
  <testcase classname="com.testNGAnnotation.ParallalTesting" name="getOpenBrowserNode3" time="3.622"/>
  <testcase classname="com.testNGAnnotation.ParallalTesting" name="getOpenBrowserNode2" time="3.615"/>
  <testcase classname="com.testNGAnnotation.ParallalTesting" name="getOpenBrowserNode1" time="3.616"/>
</testsuite> <!-- com.testNGAnnotation.ParallalTesting -->
